<!DOCTYPE html>
<html lang="en">
<head>
  <meta charset="UTF-8">
  <meta name="viewport" content="width=device-width, initial-scale=1.0">
  <title>Test Report - Platform</title>
  <style>
    * { box-sizing: border-box; }
    body { font-family: -apple-system, BlinkMacSystemFont, 'Segoe UI', Roboto, sans-serif; margin: 0; padding: 20px; background: #f5f5f5; }
    .container { max-width: 1200px; margin: 0 auto; }
    .header { background: white; padding: 20px; border-radius: 8px; margin-bottom: 20px; box-shadow: 0 2px 4px rgba(0,0,0,0.1); }
    .header h1 { margin: 0 0 10px; }
    .summary { display: grid; grid-template-columns: repeat(auto-fit, minmax(150px, 1fr)); gap: 15px; margin-top: 15px; }
    .stat { text-align: center; padding: 15px; background: #f8f9fa; border-radius: 6px; }
    .stat .value { font-size: 2em; font-weight: bold; }
    .stat.passed .value { color: #22c55e; }
    .stat.failed .value { color: #ef4444; }
    .stat.flaky .value { color: #f59e0b; }
    .stat.skipped .value { color: #6b7280; }
    .tests { background: white; border-radius: 8px; box-shadow: 0 2px 4px rgba(0,0,0,0.1); overflow: hidden; }
    .test { padding: 15px 20px; border-bottom: 1px solid #eee; }
    .test:last-child { border-bottom: none; }
    .test-header { display: flex; justify-content: space-between; align-items: center; }
    .test-name { font-weight: 500; }
    .test-status { padding: 4px 12px; border-radius: 20px; font-size: 0.85em; font-weight: 500; }
    .test-status.passed { background: #dcfce7; color: #166534; }
    .test-status.failed { background: #fee2e2; color: #991b1b; }
    .test-status.flaky { background: #fef3c7; color: #92400e; }
    .test-status.skipped { background: #f3f4f6; color: #374151; }
    .test-duration { color: #6b7280; font-size: 0.9em; margin-top: 5px; }
    .test-error { background: #fef2f2; color: #991b1b; padding: 10px; border-radius: 4px; margin-top: 10px; font-family: monospace; font-size: 0.85em; white-space: pre-wrap; }
  </style>
</head>
<body>
  <div class="container">
    <div class="header">
      <h1>Platform Test Report</h1>
      <p>Run ID: run-1768417169132 | Duration: 965.09s</p>
      <div class="summary">
        <div class="stat"><div class="value">34</div><div>Total</div></div>
        <div class="stat passed"><div class="value">16</div><div>Passed</div></div>
        <div class="stat failed"><div class="value">18</div><div>Failed</div></div>
        <div class="stat flaky"><div class="value">0</div><div>Flaky</div></div>
        <div class="stat skipped"><div class="value">0</div><div>Skipped</div></div>
      </div>
    </div>
    <div class="tests">
      
        <div class="test">
          <div class="test-header">
            <span class="test-name">form-0 Form - happy path</span>
            <span class="test-status passed">PASSED</span>
          </div>
          <div class="test-duration">9101ms | 5 steps | 0 retries</div>
          
        </div>
      
        <div class="test">
          <div class="test-header">
            <span class="test-name">form-0 Form - validation path</span>
            <span class="test-status passed">PASSED</span>
          </div>
          <div class="test-duration">6731ms | 5 steps | 0 retries</div>
          
        </div>
      
        <div class="test">
          <div class="test-header">
            <span class="test-name">form-0 Form - empty path</span>
            <span class="test-status passed">PASSED</span>
          </div>
          <div class="test-duration">5633ms | 3 steps | 0 retries</div>
          
        </div>
      
        <div class="test">
          <div class="test-header">
            <span class="test-name">form-0 Form - happy path</span>
            <span class="test-status passed">PASSED</span>
          </div>
          <div class="test-duration">3883ms | 5 steps | 0 retries</div>
          
        </div>
      
        <div class="test">
          <div class="test-header">
            <span class="test-name">form-0 Form - validation path</span>
            <span class="test-status passed">PASSED</span>
          </div>
          <div class="test-duration">4365ms | 5 steps | 0 retries</div>
          
        </div>
      
        <div class="test">
          <div class="test-header">
            <span class="test-name">form-0 Form - empty path</span>
            <span class="test-status passed">PASSED</span>
          </div>
          <div class="test-duration">6900ms | 3 steps | 0 retries</div>
          
        </div>
      
        <div class="test">
          <div class="test-header">
            <span class="test-name">form-0 Form - happy path</span>
            <span class="test-status passed">PASSED</span>
          </div>
          <div class="test-duration">20089ms | 5 steps | 0 retries</div>
          
        </div>
      
        <div class="test">
          <div class="test-header">
            <span class="test-name">form-0 Form - validation path</span>
            <span class="test-status passed">PASSED</span>
          </div>
          <div class="test-duration">10431ms | 5 steps | 0 retries</div>
          
        </div>
      
        <div class="test">
          <div class="test-header">
            <span class="test-name">form-0 Form - empty path</span>
            <span class="test-status passed">PASSED</span>
          </div>
          <div class="test-duration">12784ms | 3 steps | 0 retries</div>
          
        </div>
      
        <div class="test">
          <div class="test-header">
            <span class="test-name">form-0 Form - happy path</span>
            <span class="test-status passed">PASSED</span>
          </div>
          <div class="test-duration">7617ms | 7 steps | 0 retries</div>
          
        </div>
      
        <div class="test">
          <div class="test-header">
            <span class="test-name">form-0 Form - validation path</span>
            <span class="test-status passed">PASSED</span>
          </div>
          <div class="test-duration">7036ms | 7 steps | 0 retries</div>
          
        </div>
      
        <div class="test">
          <div class="test-header">
            <span class="test-name">form-0 Form - empty path</span>
            <span class="test-status passed">PASSED</span>
          </div>
          <div class="test-duration">5428ms | 3 steps | 0 retries</div>
          
        </div>
      
        <div class="test">
          <div class="test-header">
            <span class="test-name">Buttons - /</span>
            <span class="test-status failed">FAILED</span>
          </div>
          <div class="test-duration">6087ms | 2 steps | 0 retries</div>
          <div class="test-error">Error: Could not find element with locator: text="Toggle theme"
Fallbacks tried: .inline-flex
Description: button element</div>
        </div>
      
        <div class="test">
          <div class="test-header">
            <span class="test-name">Buttons - /</span>
            <span class="test-status failed">FAILED</span>
          </div>
          <div class="test-duration">30856ms | 3 steps | 0 retries</div>
          <div class="test-error">Error: Could not find element with locator: [aria-label="Get started with EatPal for free"]
Fallbacks tried: text="Get Started Free", .inline-flex
Description: button element</div>
        </div>
      
        <div class="test">
          <div class="test-header">
            <span class="test-name">Buttons - /</span>
            <span class="test-status failed">FAILED</span>
          </div>
          <div class="test-duration">13790ms | 2 steps | 0 retries</div>
          <div class="test-error">Error: Could not find element with locator: text="Toggle theme"
Fallbacks tried: .inline-flex
Description: button element</div>
        </div>
      
        <div class="test">
          <div class="test-header">
            <span class="test-name">Buttons - /</span>
            <span class="test-status failed">FAILED</span>
          </div>
          <div class="test-duration">31337ms | 3 steps | 0 retries</div>
          <div class="test-error">Error: Could not find element with locator: [aria-label="Get started with EatPal for free"]
Fallbacks tried: text="Get Started Free", .inline-flex
Description: button element</div>
        </div>
      
        <div class="test">
          <div class="test-header">
            <span class="test-name">Buttons - /</span>
            <span class="test-status failed">FAILED</span>
          </div>
          <div class="test-duration">37780ms | 3 steps | 0 retries</div>
          <div class="test-error">Error: Could not find element with locator: [aria-label="Get started with EatPal for free"]
Fallbacks tried: text="Get Started Free", .inline-flex
Description: button element</div>
        </div>
      
        <div class="test">
          <div class="test-header">
            <span class="test-name">Buttons - /pricing</span>
            <span class="test-status failed">FAILED</span>
          </div>
          <div class="test-duration">9114ms | 2 steps | 0 retries</div>
          <div class="test-error">Error: Could not find element with locator: text="Get Started Free"
Fallbacks tried: .inline-flex
Description: button element</div>
        </div>
      
        <div class="test">
          <div class="test-header">
            <span class="test-name">Buttons - /auth</span>
            <span class="test-status failed">FAILED</span>
          </div>
          <div class="test-duration">5508ms | 2 steps | 0 retries</div>
          <div class="test-error">Error: Could not find element with locator: text="‚Üê Back to Home"
Fallbacks tried: .inline-flex
Description: button element</div>
        </div>
      
        <div class="test">
          <div class="test-header">
            <span class="test-name">Buttons - /auth</span>
            <span class="test-status failed">FAILED</span>
          </div>
          <div class="test-duration">14967ms | 2 steps | 0 retries</div>
          <div class="test-error">Error: Element not visible: text="‚Üê Back to Home"</div>
        </div>
      
        <div class="test">
          <div class="test-header">
            <span class="test-name">Buttons - /</span>
            <span class="test-status failed">FAILED</span>
          </div>
          <div class="test-duration">11391ms | 3 steps | 0 retries</div>
          <div class="test-error">Error: Could not find element with locator: [aria-label="Get started with EatPal for free"]
Fallbacks tried: text="Get Started Free", .inline-flex
Description: button element</div>
        </div>
      
        <div class="test">
          <div class="test-header">
            <span class="test-name">Buttons - /auth</span>
            <span class="test-status failed">FAILED</span>
          </div>
          <div class="test-duration">9747ms | 2 steps | 0 retries</div>
          <div class="test-error">Error: Could not find element with locator: text="‚Üê Back to Home"
Fallbacks tried: .inline-flex
Description: button element</div>
        </div>
      
        <div class="test">
          <div class="test-header">
            <span class="test-name">Buttons - /contact</span>
            <span class="test-status failed">FAILED</span>
          </div>
          <div class="test-duration">10415ms | 2 steps | 0 retries</div>
          <div class="test-error">Error: Could not find element with locator: text="Back to Home"
Fallbacks tried: .inline-flex
Description: button element</div>
        </div>
      
        <div class="test">
          <div class="test-header">
            <span class="test-name">Buttons - /privacy</span>
            <span class="test-status failed">FAILED</span>
          </div>
          <div class="test-duration">9866ms | 2 steps | 0 retries</div>
          <div class="test-error">Error: Could not find element with locator: text="Back to Home"
Fallbacks tried: .inline-flex
Description: button element</div>
        </div>
      
        <div class="test">
          <div class="test-header">
            <span class="test-name">Buttons - /terms</span>
            <span class="test-status failed">FAILED</span>
          </div>
          <div class="test-duration">10410ms | 2 steps | 0 retries</div>
          <div class="test-error">Error: Could not find element with locator: text="Back to Home"
Fallbacks tried: .inline-flex
Description: button element</div>
        </div>
      
        <div class="test">
          <div class="test-header">
            <span class="test-name">Buttons - /accessibility</span>
            <span class="test-status failed">FAILED</span>
          </div>
          <div class="test-duration">8943ms | 2 steps | 0 retries</div>
          <div class="test-error">Error: Could not find element with locator: text="Back to Home"
Fallbacks tried: .inline-flex
Description: button element</div>
        </div>
      
        <div class="test">
          <div class="test-header">
            <span class="test-name">Buttons - /faq</span>
            <span class="test-status failed">FAILED</span>
          </div>
          <div class="test-duration">10113ms | 2 steps | 0 retries</div>
          <div class="test-error">Error: Could not find element with locator: text="Back to Home"
Fallbacks tried: .inline-flex
Description: button element</div>
        </div>
      
        <div class="test">
          <div class="test-header">
            <span class="test-name">Main Navigation</span>
            <span class="test-status failed">FAILED</span>
          </div>
          <div class="test-duration">35721ms | 12 steps | 0 retries</div>
          <div class="test-error">Error: Could not find element with locator: text="Home"
Fallbacks tried: .hover:text-primary
Description: link element</div>
        </div>
      
        <div class="test">
          <div class="test-header">
            <span class="test-name">Submit form-0 Form</span>
            <span class="test-status passed">PASSED</span>
          </div>
          <div class="test-duration">3192ms | 4 steps | 0 retries</div>
          
        </div>
      
        <div class="test">
          <div class="test-header">
            <span class="test-name">Submit form-0 Form</span>
            <span class="test-status passed">PASSED</span>
          </div>
          <div class="test-duration">2661ms | 4 steps | 0 retries</div>
          
        </div>
      
        <div class="test">
          <div class="test-header">
            <span class="test-name">Submit form-0 Form</span>
            <span class="test-status passed">PASSED</span>
          </div>
          <div class="test-duration">2560ms | 4 steps | 0 retries</div>
          
        </div>
      
        <div class="test">
          <div class="test-header">
            <span class="test-name">Submit form-0 Form</span>
            <span class="test-status failed">FAILED</span>
          </div>
          <div class="test-duration">2899ms | 6 steps | 0 retries</div>
          <div class="test-error">Error: Could not find element with locator: text="Send Message"
Fallbacks tried: .inline-flex
Description: button element</div>
        </div>
      
        <div class="test">
          <div class="test-header">
            <span class="test-name">User Sign In Flow</span>
            <span class="test-status failed">FAILED</span>
          </div>
          <div class="test-duration">33037ms | 4 steps | 0 retries</div>
          <div class="test-error">TimeoutError: locator.click: Timeout 30000ms exceeded.
Call log:
[2m  - waiting for locator('button[type="submit"]')[22m
[2m    - locator resolved to <button disabled type="submit" data-component-line="655" data-lov-name="LoadingButton" data-component-file="Auth.tsx" data-component-name="LoadingButton" data-lov-id="src\pages\Auth.tsx:655:20" data-component-path="src\pages\Auth.tsx" data-component-content="%7B%22text%22%3A%22Sign%20Up%22%2C%22className%22%3A%22w-full%20h-11%22%7D" class="inline-flex items-center justify-center gap-2 whitespace-nowrap rounded-md font-medium ring-offset-background transition-all focus-visible:outline-none focus-visibl‚Ä¶>Sign Up</button>[22m
[2m  - attempting click action[22m
[2m    2 √ó waiting for element to be visible, enabled and stable[22m
[2m      - element is not enabled[22m
[2m    - retrying click action[22m
[2m    - waiting 20ms[22m
[2m    2 √ó waiting for element to be visible, enabled and stable[22m
[2m      - element is not enabled[22m
[2m    - retrying click action[22m
[2m      - waiting 100ms[22m
[2m    57 √ó waiting for element to be visible, enabled and stable[22m
[2m       - element is not enabled[22m
[2m     - retrying click action[22m
[2m       - waiting 500ms[22m
</div>
        </div>
      
        <div class="test">
          <div class="test-header">
            <span class="test-name">Smoke Test - Public Pages</span>
            <span class="test-status passed">PASSED</span>
          </div>
          <div class="test-duration">11630ms | 10 steps | 0 retries</div>
          
        </div>
      
    </div>
  </div>
</body>
</html>